Determining if the pthread_create exist failed with the following output:
Change Dir: /home/ivan/Рабочий стол/nepotrata/hw1/square_equation/CMakeFiles/CMakeTmp

Run Build Command:"/usr/bin/make" "cmTC_dd104/fast"
/usr/bin/make -f CMakeFiles/cmTC_dd104.dir/build.make CMakeFiles/cmTC_dd104.dir/build
make[1]: вход в каталог «/home/ivan/Рабочий стол/nepotrata/hw1/square_equation/CMakeFiles/CMakeTmp»
Building C object CMakeFiles/cmTC_dd104.dir/CheckSymbolExists.c.o
/usr/bin/cc    -o CMakeFiles/cmTC_dd104.dir/CheckSymbolExists.c.o   -c "/home/ivan/Рабочий стол/nepotrata/hw1/square_equation/CMakeFiles/CMakeTmp/CheckSymbolExists.c"
Linking C executable cmTC_dd104
/usr/bin/cmake -E cmake_link_script CMakeFiles/cmTC_dd104.dir/link.txt --verbose=1
/usr/bin/cc      -rdynamic CMakeFiles/cmTC_dd104.dir/CheckSymbolExists.c.o  -o cmTC_dd104 
CMakeFiles/cmTC_dd104.dir/CheckSymbolExists.c.o: In function `main':
CheckSymbolExists.c:(.text+0x1b): undefined reference to `pthread_create'
collect2: error: ld returned 1 exit status
CMakeFiles/cmTC_dd104.dir/build.make:97: recipe for target 'cmTC_dd104' failed
make[1]: *** [cmTC_dd104] Error 1
make[1]: выход из каталога «/home/ivan/Рабочий стол/nepotrata/hw1/square_equation/CMakeFiles/CMakeTmp»
Makefile:126: recipe for target 'cmTC_dd104/fast' failed
make: *** [cmTC_dd104/fast] Error 2

File /home/ivan/Рабочий стол/nepotrata/hw1/square_equation/CMakeFiles/CMakeTmp/CheckSymbolExists.c:
/* */
#include <pthread.h>

int main(int argc, char** argv)
{
  (void)argv;
#ifndef pthread_create
  return ((int*)(&pthread_create))[argc];
#else
  (void)argc;
  return 0;
#endif
}

Determining if the function pthread_create exists in the pthreads failed with the following output:
Change Dir: /home/ivan/Рабочий стол/nepotrata/hw1/square_equation/CMakeFiles/CMakeTmp

Run Build Command:"/usr/bin/make" "cmTC_7a786/fast"
/usr/bin/make -f CMakeFiles/cmTC_7a786.dir/build.make CMakeFiles/cmTC_7a786.dir/build
make[1]: вход в каталог «/home/ivan/Рабочий стол/nepotrata/hw1/square_equation/CMakeFiles/CMakeTmp»
Building C object CMakeFiles/cmTC_7a786.dir/CheckFunctionExists.c.o
/usr/bin/cc   -DCHECK_FUNCTION_EXISTS=pthread_create   -o CMakeFiles/cmTC_7a786.dir/CheckFunctionExists.c.o   -c /usr/share/cmake-3.10/Modules/CheckFunctionExists.c
Linking C executable cmTC_7a786
/usr/bin/cmake -E cmake_link_script CMakeFiles/cmTC_7a786.dir/link.txt --verbose=1
/usr/bin/cc  -DCHECK_FUNCTION_EXISTS=pthread_create    -rdynamic CMakeFiles/cmTC_7a786.dir/CheckFunctionExists.c.o  -o cmTC_7a786 -lpthreads 
/usr/bin/x86_64-linux-gnu-ld: cannot find -lpthreads
collect2: error: ld returned 1 exit status
CMakeFiles/cmTC_7a786.dir/build.make:97: recipe for target 'cmTC_7a786' failed
make[1]: *** [cmTC_7a786] Error 1
make[1]: выход из каталога «/home/ivan/Рабочий стол/nepotrata/hw1/square_equation/CMakeFiles/CMakeTmp»
Makefile:126: recipe for target 'cmTC_7a786/fast' failed
make: *** [cmTC_7a786/fast] Error 2


