Determining if the pthread_create exist failed with the following output:
Change Dir: /home/ivan/Рабочий стол/nepotrata/hw1/square_equation/cmake-build-debug/CMakeFiles/CMakeTmp

Run Build Command:"/usr/bin/make" "cmTC_78906/fast"
/usr/bin/make -f CMakeFiles/cmTC_78906.dir/build.make CMakeFiles/cmTC_78906.dir/build
make[1]: вход в каталог «/home/ivan/Рабочий стол/nepotrata/hw1/square_equation/cmake-build-debug/CMakeFiles/CMakeTmp»
Building C object CMakeFiles/cmTC_78906.dir/CheckSymbolExists.c.o
/usr/bin/cc    -o CMakeFiles/cmTC_78906.dir/CheckSymbolExists.c.o   -c "/home/ivan/Рабочий стол/nepotrata/hw1/square_equation/cmake-build-debug/CMakeFiles/CMakeTmp/CheckSymbolExists.c"
Linking C executable cmTC_78906
/home/ivan/CLion-2018.1.2/clion-2018.1.2/bin/cmake/bin/cmake -E cmake_link_script CMakeFiles/cmTC_78906.dir/link.txt --verbose=1
/usr/bin/cc      -rdynamic CMakeFiles/cmTC_78906.dir/CheckSymbolExists.c.o  -o cmTC_78906 
CMakeFiles/cmTC_78906.dir/CheckSymbolExists.c.o: In function `main':
CheckSymbolExists.c:(.text+0x1b): undefined reference to `pthread_create'
collect2: error: ld returned 1 exit status
CMakeFiles/cmTC_78906.dir/build.make:97: recipe for target 'cmTC_78906' failed
make[1]: *** [cmTC_78906] Error 1
make[1]: выход из каталога «/home/ivan/Рабочий стол/nepotrata/hw1/square_equation/cmake-build-debug/CMakeFiles/CMakeTmp»
Makefile:126: recipe for target 'cmTC_78906/fast' failed
make: *** [cmTC_78906/fast] Error 2

File /home/ivan/Рабочий стол/nepotrata/hw1/square_equation/cmake-build-debug/CMakeFiles/CMakeTmp/CheckSymbolExists.c:
/* */
#include <pthread.h>

int main(int argc, char** argv)
{
  (void)argv;
#ifndef pthread_create
  return ((int*)(&pthread_create))[argc];
#else
  (void)argc;
  return 0;
#endif
}

Determining if the function pthread_create exists in the pthreads failed with the following output:
Change Dir: /home/ivan/Рабочий стол/nepotrata/hw1/square_equation/cmake-build-debug/CMakeFiles/CMakeTmp

Run Build Command:"/usr/bin/make" "cmTC_1ed1c/fast"
/usr/bin/make -f CMakeFiles/cmTC_1ed1c.dir/build.make CMakeFiles/cmTC_1ed1c.dir/build
make[1]: вход в каталог «/home/ivan/Рабочий стол/nepotrata/hw1/square_equation/cmake-build-debug/CMakeFiles/CMakeTmp»
Building C object CMakeFiles/cmTC_1ed1c.dir/CheckFunctionExists.c.o
/usr/bin/cc   -DCHECK_FUNCTION_EXISTS=pthread_create   -o CMakeFiles/cmTC_1ed1c.dir/CheckFunctionExists.c.o   -c /home/ivan/CLion-2018.1.2/clion-2018.1.2/bin/cmake/share/cmake-3.10/Modules/CheckFunctionExists.c
Linking C executable cmTC_1ed1c
/home/ivan/CLion-2018.1.2/clion-2018.1.2/bin/cmake/bin/cmake -E cmake_link_script CMakeFiles/cmTC_1ed1c.dir/link.txt --verbose=1
/usr/bin/cc  -DCHECK_FUNCTION_EXISTS=pthread_create    -rdynamic CMakeFiles/cmTC_1ed1c.dir/CheckFunctionExists.c.o  -o cmTC_1ed1c -lpthreads 
/usr/bin/x86_64-linux-gnu-ld: cannot find -lpthreads
collect2: error: ld returned 1 exit status
CMakeFiles/cmTC_1ed1c.dir/build.make:97: recipe for target 'cmTC_1ed1c' failed
make[1]: *** [cmTC_1ed1c] Error 1
make[1]: выход из каталога «/home/ivan/Рабочий стол/nepotrata/hw1/square_equation/cmake-build-debug/CMakeFiles/CMakeTmp»
Makefile:126: recipe for target 'cmTC_1ed1c/fast' failed
make: *** [cmTC_1ed1c/fast] Error 2


